2024-06-06T13:01:18.386Z - Failed to download audio from: https://www.diki.pl/images-common/en/mp3/initial_impression.mp3
2024-06-06T13:05:47.984Z - Downloaded audio: https://www.ang.pl/sound/dict/hello.mp3 to C:\Users\engli\fiszki\audio_files\hello.mp3
2024-06-06T13:05:48.210Z - Failed to download audio from: https://www.diki.pl/images-common/en/mp3/initial_impression.mp3
2024-06-06T13:10:33.066Z - File already exists: C:\Users\engli\fiszki\audio_files\hello.mp3
2024-06-06T13:10:33.127Z - Downloaded audio: https://www.ang.pl/sound/dict/yes.mp3 to C:\Users\engli\fiszki\audio_files\yes.mp3
2024-06-06T13:10:33.132Z - Downloaded audio: https://www.ang.pl/sound/dict/thank-you.mp3 to C:\Users\engli\fiszki\audio_files\thank-you.mp3
2024-06-06T13:10:33.181Z - Downloaded audio: https://www.ang.pl/sound/dict/goodbye.mp3 to C:\Users\engli\fiszki\audio_files\goodbye.mp3
2024-06-06T13:10:33.216Z - Downloaded audio: https://www.ang.pl/sound/dict/no.mp3 to C:\Users\engli\fiszki\audio_files\no.mp3
2024-06-06T13:10:33.281Z - Downloaded audio: https://www.ang.pl/sound/dict/excuse-me.mp3 to C:\Users\engli\fiszki\audio_files\excuse-me.mp3
2024-06-06T13:10:33.356Z - Failed to download audio from: https://www.diki.pl/images-common/en/mp3/I_don't_understand.mp3
2024-06-06T13:10:33.404Z - Downloaded audio: https://www.diki.pl/images-common/en/mp3/how_are_you.mp3 to C:\Users\engli\fiszki\audio_files\how-are-you.mp3
2024-06-06T13:10:33.580Z - Downloaded audio: https://www.diki.pl/images-common/en/mp3/how_much.mp3 to C:\Users\engli\fiszki\audio_files\how-much.mp3
2024-06-06T13:10:33.621Z - Downloaded audio: https://www.diki.pl/images-common/en/mp3/where_is.mp3 to C:\Users\engli\fiszki\audio_files\where-is.mp3
2024-06-06T14:18:34.515Z - Downloaded audio: https://www.ang.pl/sound/dict/constitute.mp3 to C:\Users\engli\fiszki\audio_files\constitute.mp3
2024-06-06T14:18:34.533Z - Downloaded audio: https://www.ang.pl/sound/dict/assess.mp3 to C:\Users\engli\fiszki\audio_files\assess.mp3
2024-06-06T14:18:34.564Z - Downloaded audio: https://www.ang.pl/sound/dict/relevant.mp3 to C:\Users\engli\fiszki\audio_files\relevant.mp3
2024-06-06T14:18:34.566Z - Downloaded audio: https://www.ang.pl/sound/dict/uncertain.mp3 to C:\Users\engli\fiszki\audio_files\uncertain.mp3
2024-06-06T14:18:34.574Z - Downloaded audio: https://www.ang.pl/sound/dict/significantly.mp3 to C:\Users\engli\fiszki\audio_files\significantly.mp3
2024-06-06T14:18:34.597Z - Downloaded audio: https://www.ang.pl/sound/dict/insurance.mp3 to C:\Users\engli\fiszki\audio_files\insurance.mp3
2024-06-06T14:18:34.742Z - Failed to download audio from: https://www.diki.pl/images-common/en/mp3/altering.mp3
2024-06-06T14:18:34.742Z - Failed to download audio from: https://www.diki.pl/images-common/en/mp3/a_more_liberal_view.mp3
2024-06-06T14:18:34.757Z - Failed to download audio from: https://www.diki.pl/images-common/en/mp3/contemporary_Irish_property.mp3
2024-06-06T14:18:34.757Z - Failed to download audio from: https://www.diki.pl/images-common/en/mp3/traditionally_taken_the_view.mp3
2024-06-06T14:18:34.758Z - Failed to download audio from: https://www.diki.pl/images-common/en/mp3/would_advocate_greater_freedom.mp3
2024-06-06T14:18:34.759Z - Failed to download audio from: https://www.diki.pl/images-common/en/mp3/different_fields_of_learning.mp3
2024-06-06T14:18:34.759Z - Failed to download audio from: https://www.diki.pl/images-common/en/mp3/outside_observation.mp3
2024-06-06T14:18:34.760Z - Failed to download audio from: https://www.diki.pl/images-common/en/mp3/is_intellectually_independent_from.mp3
2024-06-06T14:18:34.763Z - Failed to download audio from: https://www.diki.pl/images-common/en/mp3/cases_increases.mp3
2024-06-06T14:18:34.779Z - Failed to download audio from: https://www.diki.pl/images-common/en/mp3/insurance_companies_base_their.mp3
2024-06-06T14:18:34.780Z - Failed to download audio from: https://www.diki.pl/images-common/en/mp3/death_occurs.mp3
2024-06-06T14:18:34.790Z - Downloaded audio: https://www.diki.pl/images-common/en/mp3/causal_relationship.mp3 to C:\Users\engli\fiszki\audio_files\causal-relationship.mp3
2024-06-06T14:18:34.797Z - Failed to download audio from: https://www.diki.pl/images-common/en/mp3/habits.mp3
2024-06-06T14:18:34.817Z - Failed to download audio from: https://www.diki.pl/images-common/en/mp3/digging_into_the_archives.mp3
2024-06-06T14:18:34.830Z - Failed to download audio from: https://www.diki.pl/images-common/en/mp3/deviated_from.mp3
2024-06-06T14:18:34.858Z - Failed to download audio from: https://www.diki.pl/images-common/en/mp3/associations.mp3
2024-06-06T14:18:34.859Z - Failed to download audio from: https://www.diki.pl/images-common/en/mp3/lies_in_this_this_blending_of_ideas_and_the_cross_fertilisation.mp3
2024-06-06T14:18:34.860Z - Failed to download audio from: https://www.diki.pl/images-common/en/mp3/varieties.mp3
2024-06-06T14:18:34.863Z - Failed to download audio from: https://www.diki.pl/images-common/en/mp3/increases.mp3
2024-06-06T14:18:34.863Z - Failed to download audio from: https://www.diki.pl/images-common/en/mp3/therefore_not_chosen.mp3
2024-06-06T14:18:34.864Z - Failed to download audio from: https://www.diki.pl/images-common/en/mp3/evaluate_a_module.mp3
2024-06-06T14:18:34.873Z - Downloaded audio: https://www.diki.pl/images-common/en/mp3/considering.mp3 to C:\Users\engli\fiszki\audio_files\considering.mp3
2024-06-06T14:18:34.880Z - Downloaded audio: https://www.diki.pl/images-common/en/mp3/reach_a_conclusion.mp3 to C:\Users\engli\fiszki\audio_files\reach-a-conclusion.mp3
2024-06-06T14:18:34.904Z - Failed to download audio from: https://www.diki.pl/images-common/en/mp3/relevant_chart.mp3
2024-06-06T14:18:34.905Z - Downloaded audio: https://www.diki.pl/images-common/en/mp3/robust.mp3 to C:\Users\engli\fiszki\audio_files\robust.mp3
2024-06-06T14:18:34.906Z - Failed to download audio from: https://www.diki.pl/images-common/en/mp3/somewhat_misplaced.mp3
2024-06-06T14:18:34.907Z - Failed to download audio from: https://www.diki.pl/images-common/en/mp3/totally_rational.mp3
2024-06-06T14:18:34.908Z - Failed to download audio from: https://www.diki.pl/images-common/en/mp3/points_raised.mp3
2024-06-06T14:18:34.908Z - Failed to download audio from: https://www.diki.pl/images-common/en/mp3/within_each.mp3
2024-06-06T14:18:34.909Z - Failed to download audio from: https://www.diki.pl/images-common/en/mp3/thus_pushing_the_frontiers_of.mp3
2024-06-06T14:18:34.910Z - Downloaded audio: https://www.diki.pl/images-common/en/mp3/deal_with.mp3 to C:\Users\engli\fiszki\audio_files\deal-with.mp3
2024-06-06T14:18:34.911Z - Failed to download audio from: https://www.diki.pl/images-common/en/mp3/relevant_aspects.mp3
2024-06-06T14:18:34.912Z - Failed to download audio from: https://www.diki.pl/images-common/en/mp3/biased_in_favour.mp3
2024-06-06T14:18:34.913Z - Failed to download audio from: https://www.diki.pl/images-common/en/mp3/that_preconceptions_about.mp3
2024-06-06T14:18:34.914Z - Failed to download audio from: https://www.diki.pl/images-common/en/mp3/insights.mp3
2024-06-06T14:18:34.914Z - Failed to download audio from: https://www.diki.pl/images-common/en/mp3/deep_rooted.mp3
2024-06-06T14:18:34.915Z - Failed to download audio from: https://www.diki.pl/images-common/en/mp3/initially_totally.mp3
2024-06-06T14:18:34.919Z - Failed to download audio from: https://www.diki.pl/images-common/en/mp3/we_tend_to_be_biased_in_favour.mp3
2024-06-06T14:18:34.920Z - Failed to download audio from: https://www.diki.pl/images-common/en/mp3/ratio_of_males_to_females.mp3
2024-06-06T14:18:34.921Z - Failed to download audio from: https://www.diki.pl/images-common/en/mp3/that_the_lies_in_this_this_blending_of_ideas_and_the_cross_fertilisation.mp3
2024-06-06T14:18:34.921Z - Failed to download audio from: https://www.diki.pl/images-common/en/mp3/principled_stance_towards.mp3
2024-06-06T14:18:34.941Z - Failed to download audio from: https://www.diki.pl/images-common/en/mp3/points_raised_by_the_research.mp3
2024-06-06T14:18:34.942Z - Failed to download audio from: https://www.diki.pl/images-common/en/mp3/need_to_come_to.mp3
2024-06-06T14:18:34.942Z - Failed to download audio from: https://www.diki.pl/images-common/en/mp3/not_consistent.mp3
2024-06-06T14:18:34.943Z - Failed to download audio from: https://www.diki.pl/images-common/en/mp3/often_or_rarely_choose.mp3
2024-06-06T14:18:34.943Z - Failed to download audio from: https://www.diki.pl/images-common/en/mp3/soundlty.mp3
2024-06-06T14:18:34.944Z - Failed to download audio from: https://www.diki.pl/images-common/en/mp3/constitute_into_the_problem.mp3
2024-06-06T14:18:34.960Z - Downloaded audio: https://www.diki.pl/images-common/en/mp3/increasing.mp3 to C:\Users\engli\fiszki\audio_files\increasing.mp3
2024-06-06T14:18:34.961Z - Downloaded audio: https://www.diki.pl/images-common/en/mp3/standpoint.mp3 to C:\Users\engli\fiszki\audio_files\standpoint.mp3
2024-06-06T14:18:34.962Z - Downloaded audio: https://www.diki.pl/images-common/en/mp3/underlying_principles.mp3 to C:\Users\engli\fiszki\audio_files\underlying-principles.mp3
2024-06-06T14:18:34.985Z - Downloaded audio: https://www.diki.pl/images-common/en/mp3/insignificantly.mp3 to C:\Users\engli\fiszki\audio_files\insignificantly.mp3
2024-06-06T14:18:34.986Z - Downloaded audio: https://www.diki.pl/images-common/en/mp3/deviation.mp3 to C:\Users\engli\fiszki\audio_files\deviation.mp3
2024-06-06T14:18:35.417Z - Failed to download audio from: https://www.diki.pl/images-common/en/mp3/holds_some_surprisingly_progressive.mp3
2024-06-06T14:18:36.428Z - Failed to download audio from: https://www.diki.pl/images-common/en/mp3/that_the_lies_in_this_this_blending_of_ideas_and_the_cross_fertilisation_of_thought_which_embarges_from_it.mp3
2024-06-06T14:18:36.429Z - Failed to download audio from: https://www.diki.pl/images-common/en/mp3/prejudiced_against.mp3
2024-06-06T14:18:37.410Z - Downloaded audio: https://www.ang.pl/sound/dict/sample.mp3 to C:\Users\engli\fiszki\audio_files\sample.mp3
2024-06-06T14:18:37.422Z - Downloaded audio: https://www.diki.pl/images-common/en/mp3/rigid.mp3 to C:\Users\engli\fiszki\audio_files\rigid.mp3
2024-06-06T14:18:37.422Z - Failed to download audio from: https://www.diki.pl/images-common/en/mp3/outcomes.mp3
2024-06-06T14:18:38.401Z - Downloaded audio: https://www.ang.pl/sound/dict/impartial.mp3 to C:\Users\engli\fiszki\audio_files\impartial.mp3
2024-06-06T14:18:38.418Z - Downloaded audio: https://www.ang.pl/sound/dict/unreasonable.mp3 to C:\Users\engli\fiszki\audio_files\unreasonable.mp3
2024-06-06T14:18:38.419Z - Downloaded audio: https://www.ang.pl/sound/dict/therefore.mp3 to C:\Users\engli\fiszki\audio_files\therefore.mp3
2024-06-06T14:18:38.425Z - Failed to download audio from: https://www.diki.pl/images-common/en/mp3/encountered_a_certain.mp3
2024-06-06T14:18:38.427Z - Failed to download audio from: https://www.diki.pl/images-common/en/mp3/extremely_careful.mp3
2024-06-06T14:18:38.427Z - Failed to download audio from: https://www.diki.pl/images-common/en/mp3/different_standpoint.mp3
2024-06-06T14:18:38.428Z - Failed to download audio from: https://www.diki.pl/images-common/en/mp3/thus_pushing_the_frontiers_of_knowledge.mp3
2024-06-06T14:18:38.428Z - Failed to download audio from: https://www.diki.pl/images-common/en/mp3/holds_some_surprisingly.mp3
2024-06-06T14:18:39.414Z - Downloaded audio: https://www.ang.pl/sound/dict/prejudiced.mp3 to C:\Users\engli\fiszki\audio_files\prejudiced.mp3
2024-06-06T14:18:39.463Z - Failed to download audio from: https://www.diki.pl/images-common/en/mp3/deep_critical_of.mp3
