2024-07-16 08:08:10,727 - upload_logger - INFO - Plik zapisany: uploads\list
2024-07-16 08:16:53,055 - upload_logger - INFO - Plik zapisany: uploads\list.json
2024-07-16 09:00:43,923 - upload_logger - INFO - Plik zapisany: uploads\describing methods.json
2024-07-16 09:01:36,944 - upload_logger - INFO - Plik zapisany: uploads\cv.json
2024-07-16 09:02:40,740 - upload_logger - INFO - Plik zapisany: uploads\graphs.json
2024-07-16 09:03:19,085 - upload_logger - INFO - Plik zapisany: uploads\skills.json
2024-07-16 09:03:54,314 - upload_logger - INFO - Plik zapisany: uploads\numbers.json
2024-07-16 09:07:07,277 - upload_logger - INFO - Plik zapisany: uploads\analising data.json
2024-07-17 09:00:13,561 - upload_logger - INFO - Plik zapisany: uploads\przyimki.json
2024-07-17 09:01:36,681 - upload_logger - INFO - Plik zapisany: uploads\graphs.json
2024-07-17 09:02:13,001 - upload_logger - INFO - Plik zapisany: uploads\opis_grafu.json
2024-07-17 09:02:55,519 - upload_logger - INFO - Plik zapisany: uploads\talking about point of view.json
2024-07-17 09:03:48,690 - upload_logger - INFO - Plik zapisany: uploads\przyimki.json
2024-07-17 09:04:18,007 - upload_logger - INFO - Plik zapisany: uploads\statistics.json
2024-07-17 09:04:50,893 - upload_logger - INFO - Plik zapisany: uploads\describing methods.json
2024-07-17 09:05:31,845 - upload_logger - INFO - Plik zapisany: uploads\numbers.json
2024-07-25 10:38:05,735 - upload_logger - INFO - Plik zapisany: uploads\data.json.json
2024-07-25 10:57:04,126 - upload_logger - INFO - Plik zapisany: uploads\data.json.json
2024-07-25 10:57:53,639 - upload_logger - INFO - Plik zapisany: uploads\data.json.json
2024-07-25 11:05:42,227 - upload_logger - INFO - Plik zapisany: uploads\data.json.json
