2024-06-06T13:01:15.886Z - Failed to download image from: https://www.ang.pl/img/slownik/initial-impression.jpg
2024-06-06T13:05:55.470Z - Downloaded image: https://www.ang.pl/img/slownik/hello.jpg to C:\Users\engli\fiszki\image_files\hello.jpg
2024-06-06T13:05:55.522Z - Failed to download image from: https://www.ang.pl/img/slownik/initial-impression.jpg
2024-06-06T13:10:21.877Z - File already exists: C:\Users\engli\fiszki\image_files\hello.jpg
2024-06-06T13:10:27.633Z - Failed to download image from: https://www.ang.pl/img/slownik/where-is.jpg
2024-06-06T13:10:27.634Z - Failed to download image from: https://www.ang.pl/img/slownik/I-don't-understand.jpg
2024-06-06T13:10:27.684Z - Downloaded image: https://www.ang.pl/img/slownik/no.jpg to C:\Users\engli\fiszki\image_files\no.jpg
2024-06-06T13:10:29.177Z - Downloaded image: https://www.ang.pl/img/slownik/goodbye.jpg to C:\Users\engli\fiszki\image_files\goodbye.jpg
2024-06-06T13:10:29.179Z - Downloaded image: https://www.ang.pl/img/slownik/excuse-me.jpg to C:\Users\engli\fiszki\image_files\excuse-me.jpg
2024-06-06T13:10:29.194Z - Downloaded image: https://www.ang.pl/img/slownik/yes.jpg to C:\Users\engli\fiszki\image_files\yes.jpg
2024-06-06T13:10:29.195Z - Downloaded image: https://www.ang.pl/img/slownik/thank-you.jpg to C:\Users\engli\fiszki\image_files\thank-you.jpg
2024-06-06T13:10:29.205Z - Failed to download image from: https://www.ang.pl/img/slownik/how-much.jpg
2024-06-06T13:10:29.222Z - Failed to download image from: https://www.ang.pl/img/slownik/how-are-you.jpg
2024-06-06T14:18:43.300Z - Failed to download image from: https://www.ang.pl/img/slownik/a-more-liberal-view.jpg
2024-06-06T14:18:43.300Z - Failed to download image from: https://www.ang.pl/img/slownik/thus-pushing-the-frontiers-of.jpg
2024-06-06T14:18:43.301Z - Failed to download image from: https://www.ang.pl/img/slownik/that-the-lies-in-this-this-blending-of-ideas-and-the-cross-fertilisation.jpg
2024-06-06T14:18:43.301Z - Failed to download image from: https://www.ang.pl/img/slownik/lies-in-this-this-blending-of-ideas-and-the-cross-fertilisation.jpg
2024-06-06T14:18:43.302Z - Failed to download image from: https://www.ang.pl/img/slownik/that-preconceptions-about.jpg
2024-06-06T14:18:43.303Z - Failed to download image from: https://www.ang.pl/img/slownik/thus-pushing-the-frontiers-of-knowledge.jpg
2024-06-06T14:18:43.303Z - Failed to download image from: https://www.ang.pl/img/slownik/somewhat-misplaced.jpg
2024-06-06T14:18:43.303Z - Failed to download image from: https://www.ang.pl/img/slownik/would-advocate-greater-freedom.jpg
2024-06-06T14:18:43.304Z - Failed to download image from: https://www.ang.pl/img/slownik/that-the-lies-in-this-this-blending-of-ideas-and-the-cross-fertilisation-of-thought-which-embarges-from-it.jpg
2024-06-06T14:18:43.304Z - Failed to download image from: https://www.ang.pl/img/slownik/different-fields-of-learning.jpg
2024-06-06T14:18:43.410Z - Downloaded image: https://www.ang.pl/img/slownik/uncertain.jpg to C:\Users\engli\fiszki\image_files\uncertain.jpg
2024-06-06T14:18:43.459Z - Failed to download image from: https://www.ang.pl/img/slownik/altering.jpg
2024-06-06T14:18:43.459Z - Failed to download image from: https://www.ang.pl/img/slownik/deep-critical-of.jpg
2024-06-06T14:18:43.460Z - Failed to download image from: https://www.ang.pl/img/slownik/constitute-into-the-problem.jpg
2024-06-06T14:18:43.460Z - Failed to download image from: https://www.ang.pl/img/slownik/outside-observation.jpg
2024-06-06T14:18:43.463Z - Downloaded image: https://www.ang.pl/img/slownik/relevant.jpg to C:\Users\engli\fiszki\image_files\relevant.jpg
2024-06-06T14:18:43.466Z - Failed to download image from: https://www.ang.pl/img/slownik/often-or-rarely-choose.jpg
2024-06-06T14:18:43.467Z - Failed to download image from: https://www.ang.pl/img/slownik/deviated-from.jpg
2024-06-06T14:18:43.470Z - Failed to download image from: https://www.ang.pl/img/slownik/extremely-careful.jpg
2024-06-06T14:18:43.470Z - Failed to download image from: https://www.ang.pl/img/slownik/relevant-chart.jpg
2024-06-06T14:18:43.471Z - Failed to download image from: https://www.ang.pl/img/slownik/reach-a-conclusion.jpg
2024-06-06T14:18:43.471Z - Failed to download image from: https://www.ang.pl/img/slownik/habits.jpg
2024-06-06T14:18:43.473Z - Failed to download image from: https://www.ang.pl/img/slownik/insights.jpg
2024-06-06T14:18:43.473Z - Failed to download image from: https://www.ang.pl/img/slownik/contemporary-Irish-property.jpg
2024-06-06T14:18:43.474Z - Failed to download image from: https://www.ang.pl/img/slownik/soundlty.jpg
2024-06-06T14:18:43.474Z - Failed to download image from: https://www.ang.pl/img/slownik/constitute.jpg
2024-06-06T14:18:43.478Z - Failed to download image from: https://www.ang.pl/img/slownik/traditionally-taken-the-view.jpg
2024-06-06T14:18:43.479Z - Failed to download image from: https://www.ang.pl/img/slownik/is-intellectually-independent-from.jpg
2024-06-06T14:18:43.479Z - Failed to download image from: https://www.ang.pl/img/slownik/digging-into-the-archives.jpg
2024-06-06T14:18:43.483Z - Failed to download image from: https://www.ang.pl/img/slownik/points-raised-by-the-research.jpg
2024-06-06T14:18:43.489Z - Failed to download image from: https://www.ang.pl/img/slownik/biased-in-favour.jpg
2024-06-06T14:18:43.493Z - Failed to download image from: https://www.ang.pl/img/slownik/deviation.jpg
2024-06-06T14:18:43.494Z - Failed to download image from: https://www.ang.pl/img/slownik/need-to-come-to.jpg
2024-06-06T14:18:43.498Z - Failed to download image from: https://www.ang.pl/img/slownik/different-standpoint.jpg
2024-06-06T14:18:43.503Z - Failed to download image from: https://www.ang.pl/img/slownik/relevant-aspects.jpg
2024-06-06T14:18:43.503Z - Failed to download image from: https://www.ang.pl/img/slownik/cases-increases.jpg
2024-06-06T14:18:43.507Z - Downloaded image: https://www.ang.pl/img/slownik/insurance.jpg to C:\Users\engli\fiszki\image_files\insurance.jpg
2024-06-06T14:18:43.508Z - Downloaded image: https://www.ang.pl/img/slownik/therefore.jpg to C:\Users\engli\fiszki\image_files\therefore.jpg
2024-06-06T14:18:43.510Z - Downloaded image: https://www.ang.pl/img/slownik/assess.jpg to C:\Users\engli\fiszki\image_files\assess.jpg
2024-06-06T14:18:43.511Z - Downloaded image: https://www.ang.pl/img/slownik/unreasonable.jpg to C:\Users\engli\fiszki\image_files\unreasonable.jpg
2024-06-06T14:18:43.512Z - Failed to download image from: https://www.ang.pl/img/slownik/sample.jpg
2024-06-06T14:18:43.527Z - Downloaded image: https://www.ang.pl/img/slownik/significantly.jpg to C:\Users\engli\fiszki\image_files\significantly.jpg
2024-06-06T14:18:43.527Z - Failed to download image from: https://www.ang.pl/img/slownik/evaluate-a-module.jpg
2024-06-06T14:18:43.528Z - Failed to download image from: https://www.ang.pl/img/slownik/encountered-a-certain.jpg
2024-06-06T14:18:43.536Z - Failed to download image from: https://www.ang.pl/img/slownik/robust.jpg
2024-06-06T14:18:43.536Z - Failed to download image from: https://www.ang.pl/img/slownik/impartial.jpg
2024-06-06T14:18:43.537Z - Failed to download image from: https://www.ang.pl/img/slownik/insurance-companies-base-their.jpg
2024-06-06T14:18:43.537Z - Failed to download image from: https://www.ang.pl/img/slownik/initially-totally.jpg
2024-06-06T14:18:43.537Z - Failed to download image from: https://www.ang.pl/img/slownik/outcomes.jpg
2024-06-06T14:18:43.538Z - Failed to download image from: https://www.ang.pl/img/slownik/therefore-not-chosen.jpg
2024-06-06T14:18:43.538Z - Failed to download image from: https://www.ang.pl/img/slownik/rigid.jpg
2024-06-06T14:18:43.538Z - Failed to download image from: https://www.ang.pl/img/slownik/deep-rooted.jpg
2024-06-06T14:18:43.539Z - Failed to download image from: https://www.ang.pl/img/slownik/holds-some-surprisingly-progressive.jpg
2024-06-06T14:18:43.539Z - Failed to download image from: https://www.ang.pl/img/slownik/within-each.jpg
2024-06-06T14:18:43.539Z - Failed to download image from: https://www.ang.pl/img/slownik/varieties.jpg
2024-06-06T14:18:43.540Z - Failed to download image from: https://www.ang.pl/img/slownik/causal-relationship.jpg
2024-06-06T14:18:43.540Z - Failed to download image from: https://www.ang.pl/img/slownik/insignificantly.jpg
2024-06-06T14:18:43.540Z - Failed to download image from: https://www.ang.pl/img/slownik/death-occurs.jpg
2024-06-06T14:18:43.541Z - Failed to download image from: https://www.ang.pl/img/slownik/deal-with.jpg
2024-06-06T14:18:43.541Z - Failed to download image from: https://www.ang.pl/img/slownik/increases.jpg
2024-06-06T14:18:43.541Z - Failed to download image from: https://www.ang.pl/img/slownik/not-consistent.jpg
2024-06-06T14:18:43.542Z - Failed to download image from: https://www.ang.pl/img/slownik/ratio-of-males-to-females.jpg
2024-06-06T14:18:43.542Z - Failed to download image from: https://www.ang.pl/img/slownik/holds-some-surprisingly.jpg
2024-06-06T14:18:43.542Z - Failed to download image from: https://www.ang.pl/img/slownik/associations.jpg
2024-06-06T14:18:43.543Z - Failed to download image from: https://www.ang.pl/img/slownik/totally-rational.jpg
2024-06-06T14:18:43.543Z - Failed to download image from: https://www.ang.pl/img/slownik/principled-stance-towards.jpg
2024-06-06T14:18:43.543Z - Failed to download image from: https://www.ang.pl/img/slownik/prejudiced-against.jpg
2024-06-06T14:18:43.545Z - Failed to download image from: https://www.ang.pl/img/slownik/standpoint.jpg
2024-06-06T14:18:43.546Z - Failed to download image from: https://www.ang.pl/img/slownik/increasing.jpg
2024-06-06T14:18:43.546Z - Failed to download image from: https://www.ang.pl/img/slownik/prejudiced.jpg
2024-06-06T14:18:43.546Z - Failed to download image from: https://www.ang.pl/img/slownik/considering.jpg
2024-06-06T14:18:43.547Z - Failed to download image from: https://www.ang.pl/img/slownik/points-raised.jpg
2024-06-06T14:18:44.394Z - Failed to download image from: https://www.ang.pl/img/slownik/underlying-principles.jpg
2024-06-06T14:18:45.398Z - Failed to download image from: https://www.ang.pl/img/slownik/we-tend-to-be-biased-in-favour.jpg
2024-07-15 21:11:31,556 - image_logger - INFO - Error downloading https://www.ang.pl/img/slownik/directly-below.jpg: 404 Client Error: Not Found for url: https://www.ang.pl/img/slownik/directly-below.jpg
2024-07-15 21:18:50,806 - image_logger - INFO - Error downloading https://www.ang.pl/img/slownik/Directly-below.jpg: HTTPSConnectionPool(host='www.ang.pl', port=443): Max retries exceeded with url: /img/slownik/Directly-below.jpg (Caused by ConnectTimeoutError(<urllib3.connection.HTTPSConnection object at 0x00000155924BEB40>, 'Connection to www.ang.pl timed out. (connect timeout=10)'))
2024-07-15 21:18:50,807 - image_logger - INFO - Failed to download image from: https://www.ang.pl/img/slownik/Directly-below.jpg
2024-07-15 21:18:51,044 - image_logger - INFO - Error downloading https://www.ang.pl/img/slownik/Recipient's-name.jpg: 404 Client Error: Not Found for url: https://www.ang.pl/img/slownik/Recipient's-name.jpg
2024-07-15 21:18:51,045 - image_logger - INFO - Failed to download image from: https://www.ang.pl/img/slownik/Recipient's-name.jpg
2024-07-15 21:18:51,215 - image_logger - INFO - Error downloading https://www.ang.pl/img/slownik/Indent.jpg: 404 Client Error: Not Found for url: https://www.ang.pl/img/slownik/Indent.jpg
2024-07-15 21:18:51,215 - image_logger - INFO - Failed to download image from: https://www.ang.pl/img/slownik/Indent.jpg
2024-07-15 21:18:51,215 - image_logger - INFO - File already exists: image_files\Capital.jpg
2024-07-15 21:18:51,215 - image_logger - INFO - File already exists: image_files\Enquiry.jpg
2024-07-15 21:18:51,215 - image_logger - INFO - File already exists: image_files\Further.jpg
2024-07-15 21:18:51,484 - image_logger - INFO - Error downloading https://www.ang.pl/img/slownik/Attend-an-interview.jpg: 404 Client Error: Not Found for url: https://www.ang.pl/img/slownik/Attend-an-interview.jpg
2024-07-15 21:18:51,485 - image_logger - INFO - Failed to download image from: https://www.ang.pl/img/slownik/Attend-an-interview.jpg
2024-07-15 21:18:51,485 - image_logger - INFO - File already exists: image_files\Convenient.jpg
2024-07-15 21:18:51,679 - image_logger - INFO - Error downloading https://www.ang.pl/img/slownik/Inconvenience.jpg: 404 Client Error: Not Found for url: https://www.ang.pl/img/slownik/Inconvenience.jpg
2024-07-15 21:18:51,680 - image_logger - INFO - Failed to download image from: https://www.ang.pl/img/slownik/Inconvenience.jpg
2024-07-15 21:18:51,680 - image_logger - INFO - File already exists: image_files\Offence.jpg
2024-07-15 21:18:51,680 - image_logger - INFO - File already exists: image_files\Appropriate.jpg
2024-07-15 21:18:51,680 - image_logger - INFO - File already exists: image_files\Assure.jpg
2024-07-15 21:18:52,300 - image_logger - INFO - Error downloading https://www.ang.pl/img/slownik/Gladly.jpg: 404 Client Error: Not Found for url: https://www.ang.pl/img/slownik/Gladly.jpg
2024-07-15 21:18:52,300 - image_logger - INFO - Failed to download image from: https://www.ang.pl/img/slownik/Gladly.jpg
2024-07-15 21:18:52,301 - image_logger - INFO - File already exists: image_files\Involved.jpg
2024-07-15 21:18:52,301 - image_logger - INFO - File already exists: image_files\Concern.jpg
2024-07-15 21:18:52,301 - image_logger - INFO - File already exists: image_files\Insist.jpg
2024-07-15 21:18:52,550 - image_logger - INFO - Error downloading https://www.ang.pl/img/slownik/Urge.jpg: 404 Client Error: Not Found for url: https://www.ang.pl/img/slownik/Urge.jpg
2024-07-15 21:18:52,550 - image_logger - INFO - Failed to download image from: https://www.ang.pl/img/slownik/Urge.jpg
2024-07-15 21:18:52,733 - image_logger - INFO - Error downloading https://www.ang.pl/img/slownik/Appeared.jpg: 404 Client Error: Not Found for url: https://www.ang.pl/img/slownik/Appeared.jpg
2024-07-15 21:18:52,735 - image_logger - INFO - Failed to download image from: https://www.ang.pl/img/slownik/Appeared.jpg
2024-07-15 21:18:52,994 - image_logger - INFO - Error downloading https://www.ang.pl/img/slownik/Look-forward-to-hearing-from-you.jpg: 404 Client Error: Not Found for url: https://www.ang.pl/img/slownik/Look-forward-to-hearing-from-you.jpg
2024-07-15 21:18:52,995 - image_logger - INFO - Failed to download image from: https://www.ang.pl/img/slownik/Look-forward-to-hearing-from-you.jpg
2024-07-15 21:21:37,920 - image_logger - INFO - Error downloading https://www.ang.pl/img/slownik/directly-below.jpg: HTTPSConnectionPool(host='www.ang.pl', port=443): Max retries exceeded with url: /img/slownik/directly-below.jpg (Caused by ConnectTimeoutError(<urllib3.connection.HTTPSConnection object at 0x000001B0BAC8C830>, 'Connection to www.ang.pl timed out. (connect timeout=10)'))
2024-07-15 21:21:37,920 - image_logger - INFO - Failed to download image from: https://www.ang.pl/img/slownik/directly-below.jpg
2024-07-15 21:21:47,937 - image_logger - INFO - Error downloading https://www.ang.pl/img/slownik/recipient's-name.jpg: HTTPSConnectionPool(host='www.ang.pl', port=443): Max retries exceeded with url: /img/slownik/recipient's-name.jpg (Caused by ConnectTimeoutError(<urllib3.connection.HTTPSConnection object at 0x000001B0BAD18380>, 'Connection to www.ang.pl timed out. (connect timeout=10)'))
2024-07-15 21:21:47,938 - image_logger - INFO - Failed to download image from: https://www.ang.pl/img/slownik/recipient's-name.jpg
2024-07-15 21:21:49,308 - image_logger - INFO - Error downloading https://www.ang.pl/img/slownik/indent.jpg: 404 Client Error: Not Found for url: https://www.ang.pl/img/slownik/indent.jpg
2024-07-15 21:21:49,308 - image_logger - INFO - Failed to download image from: https://www.ang.pl/img/slownik/indent.jpg
2024-07-15 21:21:49,308 - image_logger - INFO - File already exists: image_files\capital.jpg
2024-07-15 21:21:49,308 - image_logger - INFO - File already exists: image_files\enquiry.jpg
2024-07-15 21:21:49,308 - image_logger - INFO - File already exists: image_files\further.jpg
2024-07-15 21:21:49,640 - image_logger - INFO - Error downloading https://www.ang.pl/img/slownik/attend-an-interview.jpg: 404 Client Error: Not Found for url: https://www.ang.pl/img/slownik/attend-an-interview.jpg
2024-07-15 21:21:49,640 - image_logger - INFO - Failed to download image from: https://www.ang.pl/img/slownik/attend-an-interview.jpg
2024-07-15 21:21:49,641 - image_logger - INFO - File already exists: image_files\convenient.jpg
2024-07-15 21:21:49,881 - image_logger - INFO - Error downloading https://www.ang.pl/img/slownik/inconvenience.jpg: 404 Client Error: Not Found for url: https://www.ang.pl/img/slownik/inconvenience.jpg
2024-07-15 21:21:49,881 - image_logger - INFO - Failed to download image from: https://www.ang.pl/img/slownik/inconvenience.jpg
2024-07-15 21:21:49,881 - image_logger - INFO - File already exists: image_files\offence.jpg
2024-07-15 21:21:49,881 - image_logger - INFO - File already exists: image_files\appropriate.jpg
2024-07-15 21:21:49,881 - image_logger - INFO - File already exists: image_files\assure.jpg
2024-07-15 21:21:50,125 - image_logger - INFO - Error downloading https://www.ang.pl/img/slownik/gladly.jpg: 404 Client Error: Not Found for url: https://www.ang.pl/img/slownik/gladly.jpg
2024-07-15 21:21:50,125 - image_logger - INFO - Failed to download image from: https://www.ang.pl/img/slownik/gladly.jpg
2024-07-15 21:21:50,125 - image_logger - INFO - File already exists: image_files\involved.jpg
2024-07-15 21:21:50,126 - image_logger - INFO - File already exists: image_files\concern.jpg
2024-07-15 21:21:50,126 - image_logger - INFO - File already exists: image_files\insist.jpg
2024-07-15 21:21:50,393 - image_logger - INFO - Error downloading https://www.ang.pl/img/slownik/urge.jpg: 404 Client Error: Not Found for url: https://www.ang.pl/img/slownik/urge.jpg
2024-07-15 21:21:50,393 - image_logger - INFO - Failed to download image from: https://www.ang.pl/img/slownik/urge.jpg
2024-07-15 21:21:50,636 - image_logger - INFO - Error downloading https://www.ang.pl/img/slownik/appeared.jpg: 404 Client Error: Not Found for url: https://www.ang.pl/img/slownik/appeared.jpg
2024-07-15 21:21:50,636 - image_logger - INFO - Failed to download image from: https://www.ang.pl/img/slownik/appeared.jpg
2024-07-15 21:21:50,927 - image_logger - INFO - Error downloading https://www.ang.pl/img/slownik/look-forward-to-hearing-from-you.jpg: 404 Client Error: Not Found for url: https://www.ang.pl/img/slownik/look-forward-to-hearing-from-you.jpg
2024-07-15 21:21:50,928 - image_logger - INFO - Failed to download image from: https://www.ang.pl/img/slownik/look-forward-to-hearing-from-you.jpg
